<?xml version="1.0" encoding="UTF-8"?>
<!-- Generated by org.testng.reporters.JUnitXMLReporter -->
<testsuite hostname="Varuns-MacBook-Pro.local" ignored="0" name="Test" tests="2" failures="1" timestamp="01 Jul 2019 21:06:55 GMT" time="0.284" errors="0">
  <testcase name="browserSelect" time="0.009" classname="stepDefinitions.testBase">
    <failure type="java.lang.NullPointerException">
      <![CDATA[java.lang.NullPointerException
at stepDefinitions.testBase.browserSelect(testBase.java:29)
... Removed 25 stack frames]]>
    </failure>
  </testcase> <!-- browserSelect -->
  <testcase name="feature" time="0.006" classname="cucumber.api.testng.AbstractTestNGCucumberTests"/>
</testsuite> <!-- Test -->
